==121694== Memcheck, a memory error detector
==121694== Copyright (C) 2002-2017, and GNU GPL'd, by Julian Seward et al.
==121694== Using Valgrind-3.18.1 and LibVEX; rerun with -h for copyright info
==121694== Command: ./minishell
==121694== Parent PID: 120464
==121694== 
==121694== 
==121694== HEAP SUMMARY:
==121694==     in use at exit: 208,178 bytes in 222 blocks
==121694==   total heap usage: 725 allocs, 503 frees, 235,508 bytes allocated
==121694== 
==121694== LEAK SUMMARY:
==121694==    definitely lost: 0 bytes in 0 blocks
==121694==    indirectly lost: 0 bytes in 0 blocks
==121694==      possibly lost: 0 bytes in 0 blocks
==121694==    still reachable: 0 bytes in 0 blocks
==121694==         suppressed: 208,178 bytes in 222 blocks
==121694== 
==121694== ERROR SUMMARY: 0 errors from 0 contexts (suppressed: 0 from 0)
--121694-- 
--121694-- used_suppression:     63 readline_leak_2 readline.supp:10 suppressed: 208,178 bytes in 222 blocks
==121694== 
==121694== ERROR SUMMARY: 0 errors from 0 contexts (suppressed: 0 from 0)
