==205292== Memcheck, a memory error detector
==205292== Copyright (C) 2002-2017, and GNU GPL'd, by Julian Seward et al.
==205292== Using Valgrind-3.18.1 and LibVEX; rerun with -h for copyright info
==205292== Command: ./minishell
==205292== Parent PID: 184114
==205292== 
==205292== Invalid free() / delete / delete[] / realloc()
==205292==    at 0x484B27F: free (in /usr/libexec/valgrind/vgpreload_memcheck-amd64-linux.so)
==205292==    by 0x4062E6: expand_word (outside_quotes.c:35)
==205292==    by 0x406065: outside_quotes (outside_quotes.c:54)
==205292==    by 0x405E1C: parse_command_loop (handles_command.c:168)
==205292==    by 0x405EEF: handles_command (handles_command.c:191)
==205292==    by 0x40662F: tokenisation (tokenisation.c:17)
==205292==    by 0x404FAA: parsing (parsing.c:105)
==205292==    by 0x401415: main (main.c:32)
==205292==  Address 0x4b65a40 is 0 bytes inside a block of size 5 free'd
==205292==    at 0x484B27F: free (in /usr/libexec/valgrind/vgpreload_memcheck-amd64-linux.so)
==205292==    by 0x407073: wrap_up_expansion (expansion.c:69)
==205292==    by 0x406F79: expansion (expansion.c:95)
==205292==    by 0x4062D3: expand_word (outside_quotes.c:34)
==205292==    by 0x406065: outside_quotes (outside_quotes.c:54)
==205292==    by 0x405E1C: parse_command_loop (handles_command.c:168)
==205292==    by 0x405EEF: handles_command (handles_command.c:191)
==205292==    by 0x40662F: tokenisation (tokenisation.c:17)
==205292==    by 0x404FAA: parsing (parsing.c:105)
==205292==    by 0x401415: main (main.c:32)
==205292==  Block was alloc'd at
==205292==    at 0x4848899: malloc (in /usr/libexec/valgrind/vgpreload_memcheck-amd64-linux.so)
==205292==    by 0x40858B: ft_strdup_m (ft_strdup_m.c:10)
==205292==    by 0x406217: find_word (outside_quotes.c:15)
==205292==    by 0x40604F: outside_quotes (outside_quotes.c:53)
==205292==    by 0x405E1C: parse_command_loop (handles_command.c:168)
==205292==    by 0x405EEF: handles_command (handles_command.c:191)
==205292==    by 0x40662F: tokenisation (tokenisation.c:17)
==205292==    by 0x404FAA: parsing (parsing.c:105)
==205292==    by 0x401415: main (main.c:32)
==205292== 
==205292== Invalid read of size 8
==205292==    at 0x4018FB: free_split (free.c:11)
==205292==    by 0x4069A5: split_for_expansion (split_for_expansion.c:53)
==205292==    by 0x406884: find_variable_in_env (find_variable_in_env.c:24)
==205292==    by 0x407155: handle_normal_expansion (expansion.c:44)
==205292==    by 0x406FB7: handle_expansion (expansion.c:52)
==205292==    by 0x406F3B: expansion (expansion.c:86)
==205292==    by 0x4062D3: expand_word (outside_quotes.c:34)
==205292==    by 0x406065: outside_quotes (outside_quotes.c:54)
==205292==    by 0x405E1C: parse_command_loop (handles_command.c:168)
==205292==    by 0x405EEF: handles_command (handles_command.c:191)
==205292==    by 0x40662F: tokenisation (tokenisation.c:17)
==205292==    by 0x404FAA: parsing (parsing.c:105)
==205292==  Address 0x4b66838 is 0 bytes after a block of size 24 alloc'd
==205292==    at 0x4848899: malloc (in /usr/libexec/valgrind/vgpreload_memcheck-amd64-linux.so)
==205292==    by 0x4069F0: make_splits (split_for_expansion.c:11)
==205292==    by 0x40694A: split_for_expansion (split_for_expansion.c:43)
==205292==    by 0x406884: find_variable_in_env (find_variable_in_env.c:24)
==205292==    by 0x407155: handle_normal_expansion (expansion.c:44)
==205292==    by 0x406FB7: handle_expansion (expansion.c:52)
==205292==    by 0x406F3B: expansion (expansion.c:86)
==205292==    by 0x4062D3: expand_word (outside_quotes.c:34)
==205292==    by 0x406065: outside_quotes (outside_quotes.c:54)
==205292==    by 0x405E1C: parse_command_loop (handles_command.c:168)
==205292==    by 0x405EEF: handles_command (handles_command.c:191)
==205292==    by 0x40662F: tokenisation (tokenisation.c:17)
==205292== 
==205292== Invalid free() / delete / delete[] / realloc()
==205292==    at 0x484B27F: free (in /usr/libexec/valgrind/vgpreload_memcheck-amd64-linux.so)
==205292==    by 0x407073: wrap_up_expansion (expansion.c:69)
==205292==    by 0x406F79: expansion (expansion.c:95)
==205292==    by 0x4062D3: expand_word (outside_quotes.c:34)
==205292==    by 0x406065: outside_quotes (outside_quotes.c:54)
==205292==    by 0x405E1C: parse_command_loop (handles_command.c:168)
==205292==    by 0x405EEF: handles_command (handles_command.c:191)
==205292==    by 0x40662F: tokenisation (tokenisation.c:17)
==205292==    by 0x404FAA: parsing (parsing.c:105)
==205292==    by 0x401415: main (main.c:32)
==205292==  Address 0x4b669c0 is 0 bytes inside a block of size 1 free'd
==205292==    at 0x484B27F: free (in /usr/libexec/valgrind/vgpreload_memcheck-amd64-linux.so)
==205292==    by 0x4067E1: clean_after_expansion (clean_after_expansion.c:32)
==205292==    by 0x407054: wrap_up_expansion (expansion.c:65)
==205292==    by 0x406F79: expansion (expansion.c:95)
==205292==    by 0x4062D3: expand_word (outside_quotes.c:34)
==205292==    by 0x406065: outside_quotes (outside_quotes.c:54)
==205292==    by 0x405E1C: parse_command_loop (handles_command.c:168)
==205292==    by 0x405EEF: handles_command (handles_command.c:191)
==205292==    by 0x40662F: tokenisation (tokenisation.c:17)
==205292==    by 0x404FAA: parsing (parsing.c:105)
==205292==    by 0x401415: main (main.c:32)
==205292==  Block was alloc'd at
==205292==    at 0x4848899: malloc (in /usr/libexec/valgrind/vgpreload_memcheck-amd64-linux.so)
==205292==    by 0x408A5C: ft_strjoin (ft_strjoin.c:12)
==205292==    by 0x406998: split_for_expansion (split_for_expansion.c:52)
==205292==    by 0x406884: find_variable_in_env (find_variable_in_env.c:24)
==205292==    by 0x407155: handle_normal_expansion (expansion.c:44)
==205292==    by 0x406FB7: handle_expansion (expansion.c:52)
==205292==    by 0x406F3B: expansion (expansion.c:86)
==205292==    by 0x4062D3: expand_word (outside_quotes.c:34)
==205292==    by 0x406065: outside_quotes (outside_quotes.c:54)
==205292==    by 0x405E1C: parse_command_loop (handles_command.c:168)
==205292==    by 0x405EEF: handles_command (handles_command.c:191)
==205292==    by 0x40662F: tokenisation (tokenisation.c:17)
==205292== 
==205292== 
==205292== FILE DESCRIPTORS: 7 open (3 std) at exit.
==205292== Open file descriptor 103: /usr/share/code/v8_context_snapshot.bin
==205292==    <inherited from parent>
==205292== 
==205292== Open file descriptor 38: /dev/ptmx
==205292==    <inherited from parent>
==205292== 
==205292== Open file descriptor 37: /home/ochkaoul/.config/Code/logs/20251030T120810/ptyhost.log
==205292==    <inherited from parent>
==205292== 
==205292== Open file descriptor 3: /home/ochkaoul/42/Cercle IV/MiniShell/minishell/valgrind.log
==205292==    <inherited from parent>
==205292== 
==205292== 
==205292== HEAP SUMMARY:
==205292==     in use at exit: 208,218 bytes in 226 blocks
==205292==   total heap usage: 784 allocs, 570 frees, 234,584 bytes allocated
==205292== 
==205292== 8 bytes in 1 blocks are still reachable in loss record 1 of 64
==205292==    at 0x4848899: malloc (in /usr/libexec/valgrind/vgpreload_memcheck-amd64-linux.so)
==205292==    by 0x496D58E: strdup (strdup.c:42)
==205292==    by 0x4B0BD17: _nc_trim_sgr0 (in /usr/lib/x86_64-linux-gnu/libtinfo.so.6.3)
==205292==    by 0x4B0A6A8: tgetent_sp (in /usr/lib/x86_64-linux-gnu/libtinfo.so.6.3)
==205292==    by 0x48A61CD: _rl_init_terminal_io (in /usr/lib/x86_64-linux-gnu/libreadline.so.8.1)
==205292==    by 0x4892A0F: rl_initialize (in /usr/lib/x86_64-linux-gnu/libreadline.so.8.1)
==205292==    by 0x4892CD4: readline (in /usr/lib/x86_64-linux-gnu/libreadline.so.8.1)
==205292==    by 0x401380: main (main.c:22)
==205292== 
==205292== 8 bytes in 1 blocks are still reachable in loss record 2 of 64
==205292==    at 0x484DCD3: realloc (in /usr/libexec/valgrind/vgpreload_memcheck-amd64-linux.so)
==205292==    by 0x48AB491: xrealloc (in /usr/lib/x86_64-linux-gnu/libreadline.so.8.1)
==205292==    by 0x4897626: ??? (in /usr/lib/x86_64-linux-gnu/libreadline.so.8.1)
==205292==    by 0x4897E0D: rl_expand_prompt (in /usr/lib/x86_64-linux-gnu/libreadline.so.8.1)
==205292==    by 0x48871BF: rl_set_prompt (in /usr/lib/x86_64-linux-gnu/libreadline.so.8.1)
==205292==    by 0x4892CCF: readline (in /usr/lib/x86_64-linux-gnu/libreadline.so.8.1)
==205292==    by 0x401380: main (main.c:22)
==205292== 
==205292== 12 bytes in 1 blocks are still reachable in loss record 3 of 64
==205292==    at 0x4848899: malloc (in /usr/libexec/valgrind/vgpreload_memcheck-amd64-linux.so)
==205292==    by 0x48AABAC: xmalloc (in /usr/lib/x86_64-linux-gnu/libreadline.so.8.1)
==205292==    by 0x48871E3: rl_set_prompt (in /usr/lib/x86_64-linux-gnu/libreadline.so.8.1)
==205292==    by 0x4892CCF: readline (in /usr/lib/x86_64-linux-gnu/libreadline.so.8.1)
==205292==    by 0x401380: main (main.c:22)
==205292== 
==205292== 12 bytes in 1 blocks are still reachable in loss record 4 of 64
==205292==    at 0x4848899: malloc (in /usr/libexec/valgrind/vgpreload_memcheck-amd64-linux.so)
==205292==    by 0x48AABAC: xmalloc (in /usr/lib/x86_64-linux-gnu/libreadline.so.8.1)
==205292==    by 0x48975F2: ??? (in /usr/lib/x86_64-linux-gnu/libreadline.so.8.1)
==205292==    by 0x4897E0D: rl_expand_prompt (in /usr/lib/x86_64-linux-gnu/libreadline.so.8.1)
==205292==    by 0x48871BF: rl_set_prompt (in /usr/lib/x86_64-linux-gnu/libreadline.so.8.1)
==205292==    by 0x4892CCF: readline (in /usr/lib/x86_64-linux-gnu/libreadline.so.8.1)
==205292==    by 0x401380: main (main.c:22)
==205292== 
==205292== 13 bytes in 1 blocks are still reachable in loss record 5 of 64
==205292==    at 0x4848899: malloc (in /usr/libexec/valgrind/vgpreload_memcheck-amd64-linux.so)
==205292==    by 0x48AABAC: xmalloc (in /usr/lib/x86_64-linux-gnu/libreadline.so.8.1)
==205292==    by 0x4898BF5: ??? (in /usr/lib/x86_64-linux-gnu/libreadline.so.8.1)
==205292==    by 0x4892A38: rl_initialize (in /usr/lib/x86_64-linux-gnu/libreadline.so.8.1)
==205292==    by 0x4892CD4: readline (in /usr/lib/x86_64-linux-gnu/libreadline.so.8.1)
==205292==    by 0x401380: main (main.c:22)
==205292== 
==205292== 14 bytes in 1 blocks are still reachable in loss record 6 of 64
==205292==    at 0x484DCD3: realloc (in /usr/libexec/valgrind/vgpreload_memcheck-amd64-linux.so)
==205292==    by 0x4AFE6CC: _nc_doalloc (in /usr/lib/x86_64-linux-gnu/libtinfo.so.6.3)
==205292==    by 0x4B05272: _nc_tiparm (in /usr/lib/x86_64-linux-gnu/libtinfo.so.6.3)
==205292==    by 0x4B0BC7D: ??? (in /usr/lib/x86_64-linux-gnu/libtinfo.so.6.3)
==205292==    by 0x4B0BD09: _nc_trim_sgr0 (in /usr/lib/x86_64-linux-gnu/libtinfo.so.6.3)
==205292==    by 0x4B0A6A8: tgetent_sp (in /usr/lib/x86_64-linux-gnu/libtinfo.so.6.3)
==205292==    by 0x48A61CD: _rl_init_terminal_io (in /usr/lib/x86_64-linux-gnu/libreadline.so.8.1)
==205292==    by 0x4892A0F: rl_initialize (in /usr/lib/x86_64-linux-gnu/libreadline.so.8.1)
==205292==    by 0x4892CD4: readline (in /usr/lib/x86_64-linux-gnu/libreadline.so.8.1)
==205292==    by 0x401380: main (main.c:22)
==205292== 
==205292== 15 bytes in 1 blocks are still reachable in loss record 7 of 64
==205292==    at 0x4848899: malloc (in /usr/libexec/valgrind/vgpreload_memcheck-amd64-linux.so)
==205292==    by 0x496D58E: strdup (strdup.c:42)
==205292==    by 0x4AFD377: ??? (in /usr/lib/x86_64-linux-gnu/libtinfo.so.6.3)
==205292==    by 0x4AFFBF8: _nc_first_db (in /usr/lib/x86_64-linux-gnu/libtinfo.so.6.3)
==205292==    by 0x4B09696: _nc_read_entry2 (in /usr/lib/x86_64-linux-gnu/libtinfo.so.6.3)
==205292==    by 0x4B09711: ??? (in /usr/lib/x86_64-linux-gnu/libtinfo.so.6.3)
==205292==    by 0x4B09866: _nc_setupterm (in /usr/lib/x86_64-linux-gnu/libtinfo.so.6.3)
==205292==    by 0x4B0A4C9: tgetent_sp (in /usr/lib/x86_64-linux-gnu/libtinfo.so.6.3)
==205292==    by 0x48A61CD: _rl_init_terminal_io (in /usr/lib/x86_64-linux-gnu/libreadline.so.8.1)
==205292==    by 0x4892A0F: rl_initialize (in /usr/lib/x86_64-linux-gnu/libreadline.so.8.1)
==205292==    by 0x4892CD4: readline (in /usr/lib/x86_64-linux-gnu/libreadline.so.8.1)
==205292==    by 0x401380: main (main.c:22)
==205292== 
==205292== 15 bytes in 1 blocks are still reachable in loss record 8 of 64
==205292==    at 0x4848899: malloc (in /usr/libexec/valgrind/vgpreload_memcheck-amd64-linux.so)
==205292==    by 0x496D58E: strdup (strdup.c:42)
==205292==    by 0x4B098AE: _nc_setupterm (in /usr/lib/x86_64-linux-gnu/libtinfo.so.6.3)
==205292==    by 0x4B0A4C9: tgetent_sp (in /usr/lib/x86_64-linux-gnu/libtinfo.so.6.3)
==205292==    by 0x48A61CD: _rl_init_terminal_io (in /usr/lib/x86_64-linux-gnu/libreadline.so.8.1)
==205292==    by 0x4892A0F: rl_initialize (in /usr/lib/x86_64-linux-gnu/libreadline.so.8.1)
==205292==    by 0x4892CD4: readline (in /usr/lib/x86_64-linux-gnu/libreadline.so.8.1)
==205292==    by 0x401380: main (main.c:22)
==205292== 
==205292== 16 bytes in 1 blocks are still reachable in loss record 9 of 64
==205292==    at 0x4848899: malloc (in /usr/libexec/valgrind/vgpreload_memcheck-amd64-linux.so)
==205292==    by 0x4892B26: rl_initialize (in /usr/lib/x86_64-linux-gnu/libreadline.so.8.1)
==205292==    by 0x4892CD4: readline (in /usr/lib/x86_64-linux-gnu/libreadline.so.8.1)
==205292==    by 0x401380: main (main.c:22)
==205292== 
==205292== 20 bytes in 1 blocks are still reachable in loss record 10 of 64
==205292==    at 0x4848899: malloc (in /usr/libexec/valgrind/vgpreload_memcheck-amd64-linux.so)
==205292==    by 0x48AABAC: xmalloc (in /usr/lib/x86_64-linux-gnu/libreadline.so.8.1)
==205292==    by 0x4895D8B: ??? (in /usr/lib/x86_64-linux-gnu/libreadline.so.8.1)
==205292==    by 0x48986C9: rl_parse_and_bind (in /usr/lib/x86_64-linux-gnu/libreadline.so.8.1)
==205292==    by 0x4898B6C: ??? (in /usr/lib/x86_64-linux-gnu/libreadline.so.8.1)
==205292==    by 0x4892A38: rl_initialize (in /usr/lib/x86_64-linux-gnu/libreadline.so.8.1)
==205292==    by 0x4892CD4: readline (in /usr/lib/x86_64-linux-gnu/libreadline.so.8.1)
==205292==    by 0x401380: main (main.c:22)
==205292== 
==205292== 24 bytes in 1 blocks are still reachable in loss record 11 of 64
==205292==    at 0x4848899: malloc (in /usr/libexec/valgrind/vgpreload_memcheck-amd64-linux.so)
==205292==    by 0x49E4FA4: tsearch (tsearch.c:337)
==205292==    by 0x4B01D6E: ??? (in /usr/lib/x86_64-linux-gnu/libtinfo.so.6.3)
==205292==    by 0x4B05098: _nc_tiparm (in /usr/lib/x86_64-linux-gnu/libtinfo.so.6.3)
==205292==    by 0x4B0BC7D: ??? (in /usr/lib/x86_64-linux-gnu/libtinfo.so.6.3)
==205292==    by 0x4B0BD09: _nc_trim_sgr0 (in /usr/lib/x86_64-linux-gnu/libtinfo.so.6.3)
==205292==    by 0x4B0A6A8: tgetent_sp (in /usr/lib/x86_64-linux-gnu/libtinfo.so.6.3)
==205292==    by 0x48A61CD: _rl_init_terminal_io (in /usr/lib/x86_64-linux-gnu/libreadline.so.8.1)
==205292==    by 0x4892A0F: rl_initialize (in /usr/lib/x86_64-linux-gnu/libreadline.so.8.1)
==205292==    by 0x4892CD4: readline (in /usr/lib/x86_64-linux-gnu/libreadline.so.8.1)
==205292==    by 0x401380: main (main.c:22)
==205292== 
==205292== 27 bytes in 1 blocks are still reachable in loss record 12 of 64
==205292==    at 0x4848899: malloc (in /usr/libexec/valgrind/vgpreload_memcheck-amd64-linux.so)
==205292==    by 0x4AFF624: _nc_home_terminfo (in /usr/lib/x86_64-linux-gnu/libtinfo.so.6.3)
==205292==    by 0x4AFFBE2: _nc_first_db (in /usr/lib/x86_64-linux-gnu/libtinfo.so.6.3)
==205292==    by 0x4B09696: _nc_read_entry2 (in /usr/lib/x86_64-linux-gnu/libtinfo.so.6.3)
==205292==    by 0x4B09711: ??? (in /usr/lib/x86_64-linux-gnu/libtinfo.so.6.3)
==205292==    by 0x4B09866: _nc_setupterm (in /usr/lib/x86_64-linux-gnu/libtinfo.so.6.3)
==205292==    by 0x4B0A4C9: tgetent_sp (in /usr/lib/x86_64-linux-gnu/libtinfo.so.6.3)
==205292==    by 0x48A61CD: _rl_init_terminal_io (in /usr/lib/x86_64-linux-gnu/libreadline.so.8.1)
==205292==    by 0x4892A0F: rl_initialize (in /usr/lib/x86_64-linux-gnu/libreadline.so.8.1)
==205292==    by 0x4892CD4: readline (in /usr/lib/x86_64-linux-gnu/libreadline.so.8.1)
==205292==    by 0x401380: main (main.c:22)
==205292== 
==205292== 37 bytes in 4 blocks are definitely lost in loss record 13 of 64
==205292==    at 0x4848899: malloc (in /usr/libexec/valgrind/vgpreload_memcheck-amd64-linux.so)
==205292==    by 0x48AABAC: xmalloc (in /usr/lib/x86_64-linux-gnu/libreadline.so.8.1)
==205292==    by 0x4888694: readline_internal_teardown (in /usr/lib/x86_64-linux-gnu/libreadline.so.8.1)
==205292==    by 0x4892D2A: readline (in /usr/lib/x86_64-linux-gnu/libreadline.so.8.1)
==205292==    by 0x401380: main (main.c:22)
==205292== 
==205292== 46 bytes in 1 blocks are still reachable in loss record 14 of 64
==205292==    at 0x484DCD3: realloc (in /usr/libexec/valgrind/vgpreload_memcheck-amd64-linux.so)
==205292==    by 0x4AFE6CC: _nc_doalloc (in /usr/lib/x86_64-linux-gnu/libtinfo.so.6.3)
==205292==    by 0x4B0916F: _nc_read_termtype (in /usr/lib/x86_64-linux-gnu/libtinfo.so.6.3)
==205292==    by 0x4B0952A: ??? (in /usr/lib/x86_64-linux-gnu/libtinfo.so.6.3)
==205292==    by 0x4B0BC40: ??? (in /usr/lib/x86_64-linux-gnu/libtinfo.so.6.3)
==205292==    by 0x4B096BB: _nc_read_entry2 (in /usr/lib/x86_64-linux-gnu/libtinfo.so.6.3)
==205292==    by 0x4B09711: ??? (in /usr/lib/x86_64-linux-gnu/libtinfo.so.6.3)
==205292==    by 0x4B09866: _nc_setupterm (in /usr/lib/x86_64-linux-gnu/libtinfo.so.6.3)
==205292==    by 0x4B0A4C9: tgetent_sp (in /usr/lib/x86_64-linux-gnu/libtinfo.so.6.3)
==205292==    by 0x48A61CD: _rl_init_terminal_io (in /usr/lib/x86_64-linux-gnu/libreadline.so.8.1)
==205292==    by 0x4892A0F: rl_initialize (in /usr/lib/x86_64-linux-gnu/libreadline.so.8.1)
==205292==    by 0x4892CD4: readline (in /usr/lib/x86_64-linux-gnu/libreadline.so.8.1)
==205292== 
==205292== 46 bytes in 1 blocks are still reachable in loss record 15 of 64
==205292==    at 0x4848899: malloc (in /usr/libexec/valgrind/vgpreload_memcheck-amd64-linux.so)
==205292==    by 0x4AFDFDE: ??? (in /usr/lib/x86_64-linux-gnu/libtinfo.so.6.3)
==205292==    by 0x4B0987D: _nc_setupterm (in /usr/lib/x86_64-linux-gnu/libtinfo.so.6.3)
==205292==    by 0x4B0A4C9: tgetent_sp (in /usr/lib/x86_64-linux-gnu/libtinfo.so.6.3)
==205292==    by 0x48A61CD: _rl_init_terminal_io (in /usr/lib/x86_64-linux-gnu/libreadline.so.8.1)
==205292==    by 0x4892A0F: rl_initialize (in /usr/lib/x86_64-linux-gnu/libreadline.so.8.1)
==205292==    by 0x4892CD4: readline (in /usr/lib/x86_64-linux-gnu/libreadline.so.8.1)
==205292==    by 0x401380: main (main.c:22)
==205292== 
==205292== 48 bytes in 1 blocks are still reachable in loss record 16 of 64
==205292==    at 0x484DA83: calloc (in /usr/libexec/valgrind/vgpreload_memcheck-amd64-linux.so)
==205292==    by 0x4AFF833: _nc_first_db (in /usr/lib/x86_64-linux-gnu/libtinfo.so.6.3)
==205292==    by 0x4B09696: _nc_read_entry2 (in /usr/lib/x86_64-linux-gnu/libtinfo.so.6.3)
==205292==    by 0x4B09711: ??? (in /usr/lib/x86_64-linux-gnu/libtinfo.so.6.3)
==205292==    by 0x4B09866: _nc_setupterm (in /usr/lib/x86_64-linux-gnu/libtinfo.so.6.3)
==205292==    by 0x4B0A4C9: tgetent_sp (in /usr/lib/x86_64-linux-gnu/libtinfo.so.6.3)
==205292==    by 0x48A61CD: _rl_init_terminal_io (in /usr/lib/x86_64-linux-gnu/libreadline.so.8.1)
==205292==    by 0x4892A0F: rl_initialize (in /usr/lib/x86_64-linux-gnu/libreadline.so.8.1)
==205292==    by 0x4892CD4: readline (in /usr/lib/x86_64-linux-gnu/libreadline.so.8.1)
==205292==    by 0x401380: main (main.c:22)
==205292== 
==205292== 78 bytes in 1 blocks are still reachable in loss record 17 of 64
==205292==    at 0x4848899: malloc (in /usr/libexec/valgrind/vgpreload_memcheck-amd64-linux.so)
==205292==    by 0x4AFE04B: ??? (in /usr/lib/x86_64-linux-gnu/libtinfo.so.6.3)
==205292==    by 0x4B0987D: _nc_setupterm (in /usr/lib/x86_64-linux-gnu/libtinfo.so.6.3)
==205292==    by 0x4B0A4C9: tgetent_sp (in /usr/lib/x86_64-linux-gnu/libtinfo.so.6.3)
==205292==    by 0x48A61CD: _rl_init_terminal_io (in /usr/lib/x86_64-linux-gnu/libreadline.so.8.1)
==205292==    by 0x4892A0F: rl_initialize (in /usr/lib/x86_64-linux-gnu/libreadline.so.8.1)
==205292==    by 0x4892CD4: readline (in /usr/lib/x86_64-linux-gnu/libreadline.so.8.1)
==205292==    by 0x401380: main (main.c:22)
==205292== 
==205292== 93 bytes in 1 blocks are still reachable in loss record 18 of 64
==205292==    at 0x4848899: malloc (in /usr/libexec/valgrind/vgpreload_memcheck-amd64-linux.so)
==205292==    by 0x496D58E: strdup (strdup.c:42)
==205292==    by 0x4B01D54: ??? (in /usr/lib/x86_64-linux-gnu/libtinfo.so.6.3)
==205292==    by 0x4B05098: _nc_tiparm (in /usr/lib/x86_64-linux-gnu/libtinfo.so.6.3)
==205292==    by 0x4B0BC7D: ??? (in /usr/lib/x86_64-linux-gnu/libtinfo.so.6.3)
==205292==    by 0x4B0BD09: _nc_trim_sgr0 (in /usr/lib/x86_64-linux-gnu/libtinfo.so.6.3)
==205292==    by 0x4B0A6A8: tgetent_sp (in /usr/lib/x86_64-linux-gnu/libtinfo.so.6.3)
==205292==    by 0x48A61CD: _rl_init_terminal_io (in /usr/lib/x86_64-linux-gnu/libreadline.so.8.1)
==205292==    by 0x4892A0F: rl_initialize (in /usr/lib/x86_64-linux-gnu/libreadline.so.8.1)
==205292==    by 0x4892CD4: readline (in /usr/lib/x86_64-linux-gnu/libreadline.so.8.1)
==205292==    by 0x401380: main (main.c:22)
==205292== 
==205292== 94 bytes in 1 blocks are still reachable in loss record 19 of 64
==205292==    at 0x4848899: malloc (in /usr/libexec/valgrind/vgpreload_memcheck-amd64-linux.so)
==205292==    by 0x4B0195B: _nc_tparm_analyze (in /usr/lib/x86_64-linux-gnu/libtinfo.so.6.3)
==205292==    by 0x4B01C62: ??? (in /usr/lib/x86_64-linux-gnu/libtinfo.so.6.3)
==205292==    by 0x4B05098: _nc_tiparm (in /usr/lib/x86_64-linux-gnu/libtinfo.so.6.3)
==205292==    by 0x4B0BC7D: ??? (in /usr/lib/x86_64-linux-gnu/libtinfo.so.6.3)
==205292==    by 0x4B0BD09: _nc_trim_sgr0 (in /usr/lib/x86_64-linux-gnu/libtinfo.so.6.3)
==205292==    by 0x4B0A6A8: tgetent_sp (in /usr/lib/x86_64-linux-gnu/libtinfo.so.6.3)
==205292==    by 0x48A61CD: _rl_init_terminal_io (in /usr/lib/x86_64-linux-gnu/libreadline.so.8.1)
==205292==    by 0x4892A0F: rl_initialize (in /usr/lib/x86_64-linux-gnu/libreadline.so.8.1)
==205292==    by 0x4892CD4: readline (in /usr/lib/x86_64-linux-gnu/libreadline.so.8.1)
==205292==    by 0x401380: main (main.c:22)
==205292== 
==205292== 96 bytes in 1 blocks are still reachable in loss record 20 of 64
==205292==    at 0x4848899: malloc (in /usr/libexec/valgrind/vgpreload_memcheck-amd64-linux.so)
==205292==    by 0x4AFF79A: _nc_first_db (in /usr/lib/x86_64-linux-gnu/libtinfo.so.6.3)
==205292==    by 0x4B09696: _nc_read_entry2 (in /usr/lib/x86_64-linux-gnu/libtinfo.so.6.3)
==205292==    by 0x4B09711: ??? (in /usr/lib/x86_64-linux-gnu/libtinfo.so.6.3)
==205292==    by 0x4B09866: _nc_setupterm (in /usr/lib/x86_64-linux-gnu/libtinfo.so.6.3)
==205292==    by 0x4B0A4C9: tgetent_sp (in /usr/lib/x86_64-linux-gnu/libtinfo.so.6.3)
==205292==    by 0x48A61CD: _rl_init_terminal_io (in /usr/lib/x86_64-linux-gnu/libreadline.so.8.1)
==205292==    by 0x4892A0F: rl_initialize (in /usr/lib/x86_64-linux-gnu/libreadline.so.8.1)
==205292==    by 0x4892CD4: readline (in /usr/lib/x86_64-linux-gnu/libreadline.so.8.1)
==205292==    by 0x401380: main (main.c:22)
==205292== 
==205292== 156 bytes in 1 blocks are still reachable in loss record 21 of 64
==205292==    at 0x484DCD3: realloc (in /usr/libexec/valgrind/vgpreload_memcheck-amd64-linux.so)
==205292==    by 0x4AFE6CC: _nc_doalloc (in /usr/lib/x86_64-linux-gnu/libtinfo.so.6.3)
==205292==    by 0x4B09197: _nc_read_termtype (in /usr/lib/x86_64-linux-gnu/libtinfo.so.6.3)
==205292==    by 0x4B0952A: ??? (in /usr/lib/x86_64-linux-gnu/libtinfo.so.6.3)
==205292==    by 0x4B0BC40: ??? (in /usr/lib/x86_64-linux-gnu/libtinfo.so.6.3)
==205292==    by 0x4B096BB: _nc_read_entry2 (in /usr/lib/x86_64-linux-gnu/libtinfo.so.6.3)
==205292==    by 0x4B09711: ??? (in /usr/lib/x86_64-linux-gnu/libtinfo.so.6.3)
==205292==    by 0x4B09866: _nc_setupterm (in /usr/lib/x86_64-linux-gnu/libtinfo.so.6.3)
==205292==    by 0x4B0A4C9: tgetent_sp (in /usr/lib/x86_64-linux-gnu/libtinfo.so.6.3)
==205292==    by 0x48A61CD: _rl_init_terminal_io (in /usr/lib/x86_64-linux-gnu/libreadline.so.8.1)
==205292==    by 0x4892A0F: rl_initialize (in /usr/lib/x86_64-linux-gnu/libreadline.so.8.1)
==205292==    by 0x4892CD4: readline (in /usr/lib/x86_64-linux-gnu/libreadline.so.8.1)
==205292== 
==205292== 168 bytes in 1 blocks are still reachable in loss record 22 of 64
==205292==    at 0x484DA83: calloc (in /usr/libexec/valgrind/vgpreload_memcheck-amd64-linux.so)
==205292==    by 0x4B01CCD: ??? (in /usr/lib/x86_64-linux-gnu/libtinfo.so.6.3)
==205292==    by 0x4B05098: _nc_tiparm (in /usr/lib/x86_64-linux-gnu/libtinfo.so.6.3)
==205292==    by 0x4B0BC7D: ??? (in /usr/lib/x86_64-linux-gnu/libtinfo.so.6.3)
==205292==    by 0x4B0BD09: _nc_trim_sgr0 (in /usr/lib/x86_64-linux-gnu/libtinfo.so.6.3)
==205292==    by 0x4B0A6A8: tgetent_sp (in /usr/lib/x86_64-linux-gnu/libtinfo.so.6.3)
==205292==    by 0x48A61CD: _rl_init_terminal_io (in /usr/lib/x86_64-linux-gnu/libreadline.so.8.1)
==205292==    by 0x4892A0F: rl_initialize (in /usr/lib/x86_64-linux-gnu/libreadline.so.8.1)
==205292==    by 0x4892CD4: readline (in /usr/lib/x86_64-linux-gnu/libreadline.so.8.1)
==205292==    by 0x401380: main (main.c:22)
==205292== 
==205292== 256 bytes in 1 blocks are still reachable in loss record 23 of 64
==205292==    at 0x4848899: malloc (in /usr/libexec/valgrind/vgpreload_memcheck-amd64-linux.so)
==205292==    by 0x48AABAC: xmalloc (in /usr/lib/x86_64-linux-gnu/libreadline.so.8.1)
==205292==    by 0x4892C86: rl_initialize (in /usr/lib/x86_64-linux-gnu/libreadline.so.8.1)
==205292==    by 0x4892CD4: readline (in /usr/lib/x86_64-linux-gnu/libreadline.so.8.1)
==205292==    by 0x401380: main (main.c:22)
==205292== 
==205292== 608 bytes in 1 blocks are still reachable in loss record 24 of 64
==205292==    at 0x484DA83: calloc (in /usr/libexec/valgrind/vgpreload_memcheck-amd64-linux.so)
==205292==    by 0x4B0937E: _nc_read_termtype (in /usr/lib/x86_64-linux-gnu/libtinfo.so.6.3)
==205292==    by 0x4B0952A: ??? (in /usr/lib/x86_64-linux-gnu/libtinfo.so.6.3)
==205292==    by 0x4B0BC40: ??? (in /usr/lib/x86_64-linux-gnu/libtinfo.so.6.3)
==205292==    by 0x4B096BB: _nc_read_entry2 (in /usr/lib/x86_64-linux-gnu/libtinfo.so.6.3)
==205292==    by 0x4B09711: ??? (in /usr/lib/x86_64-linux-gnu/libtinfo.so.6.3)
==205292==    by 0x4B09866: _nc_setupterm (in /usr/lib/x86_64-linux-gnu/libtinfo.so.6.3)
==205292==    by 0x4B0A4C9: tgetent_sp (in /usr/lib/x86_64-linux-gnu/libtinfo.so.6.3)
==205292==    by 0x48A61CD: _rl_init_terminal_io (in /usr/lib/x86_64-linux-gnu/libreadline.so.8.1)
==205292==    by 0x4892A0F: rl_initialize (in /usr/lib/x86_64-linux-gnu/libreadline.so.8.1)
==205292==    by 0x4892CD4: readline (in /usr/lib/x86_64-linux-gnu/libreadline.so.8.1)
==205292==    by 0x401380: main (main.c:22)
==205292== 
==205292== 608 bytes in 1 blocks are still reachable in loss record 25 of 64
==205292==    at 0x4848899: malloc (in /usr/libexec/valgrind/vgpreload_memcheck-amd64-linux.so)
==205292==    by 0x4AFE119: ??? (in /usr/lib/x86_64-linux-gnu/libtinfo.so.6.3)
==205292==    by 0x4B0987D: _nc_setupterm (in /usr/lib/x86_64-linux-gnu/libtinfo.so.6.3)
==205292==    by 0x4B0A4C9: tgetent_sp (in /usr/lib/x86_64-linux-gnu/libtinfo.so.6.3)
==205292==    by 0x48A61CD: _rl_init_terminal_io (in /usr/lib/x86_64-linux-gnu/libreadline.so.8.1)
==205292==    by 0x4892A0F: rl_initialize (in /usr/lib/x86_64-linux-gnu/libreadline.so.8.1)
==205292==    by 0x4892CD4: readline (in /usr/lib/x86_64-linux-gnu/libreadline.so.8.1)
==205292==    by 0x401380: main (main.c:22)
==205292== 
==205292== 760 bytes in 1 blocks are still reachable in loss record 26 of 64
==205292==    at 0x484DA83: calloc (in /usr/libexec/valgrind/vgpreload_memcheck-amd64-linux.so)
==205292==    by 0x4B09819: _nc_setupterm (in /usr/lib/x86_64-linux-gnu/libtinfo.so.6.3)
==205292==    by 0x4B0A4C9: tgetent_sp (in /usr/lib/x86_64-linux-gnu/libtinfo.so.6.3)
==205292==    by 0x48A61CD: _rl_init_terminal_io (in /usr/lib/x86_64-linux-gnu/libreadline.so.8.1)
==205292==    by 0x4892A0F: rl_initialize (in /usr/lib/x86_64-linux-gnu/libreadline.so.8.1)
==205292==    by 0x4892CD4: readline (in /usr/lib/x86_64-linux-gnu/libreadline.so.8.1)
==205292==    by 0x401380: main (main.c:22)
==205292== 
==205292== 940 bytes in 1 blocks are still reachable in loss record 27 of 64
==205292==    at 0x4848899: malloc (in /usr/libexec/valgrind/vgpreload_memcheck-amd64-linux.so)
==205292==    by 0x4B09287: _nc_read_termtype (in /usr/lib/x86_64-linux-gnu/libtinfo.so.6.3)
==205292==    by 0x4B0952A: ??? (in /usr/lib/x86_64-linux-gnu/libtinfo.so.6.3)
==205292==    by 0x4B0BC40: ??? (in /usr/lib/x86_64-linux-gnu/libtinfo.so.6.3)
==205292==    by 0x4B096BB: _nc_read_entry2 (in /usr/lib/x86_64-linux-gnu/libtinfo.so.6.3)
==205292==    by 0x4B09711: ??? (in /usr/lib/x86_64-linux-gnu/libtinfo.so.6.3)
==205292==    by 0x4B09866: _nc_setupterm (in /usr/lib/x86_64-linux-gnu/libtinfo.so.6.3)
==205292==    by 0x4B0A4C9: tgetent_sp (in /usr/lib/x86_64-linux-gnu/libtinfo.so.6.3)
==205292==    by 0x48A61CD: _rl_init_terminal_io (in /usr/lib/x86_64-linux-gnu/libreadline.so.8.1)
==205292==    by 0x4892A0F: rl_initialize (in /usr/lib/x86_64-linux-gnu/libreadline.so.8.1)
==205292==    by 0x4892CD4: readline (in /usr/lib/x86_64-linux-gnu/libreadline.so.8.1)
==205292==    by 0x401380: main (main.c:22)
==205292== 
==205292== 1,024 bytes in 1 blocks are still reachable in loss record 28 of 64
==205292==    at 0x4848899: malloc (in /usr/libexec/valgrind/vgpreload_memcheck-amd64-linux.so)
==205292==    by 0x48AB4A7: xrealloc (in /usr/lib/x86_64-linux-gnu/libreadline.so.8.1)
==205292==    by 0x4894C7B: ??? (in /usr/lib/x86_64-linux-gnu/libreadline.so.8.1)
==205292==    by 0x4894D67: ??? (in /usr/lib/x86_64-linux-gnu/libreadline.so.8.1)
==205292==    by 0x489DC7E: rl_redisplay (in /usr/lib/x86_64-linux-gnu/libreadline.so.8.1)
==205292==    by 0x4888458: readline_internal_setup (in /usr/lib/x86_64-linux-gnu/libreadline.so.8.1)
==205292==    by 0x4892CF8: readline (in /usr/lib/x86_64-linux-gnu/libreadline.so.8.1)
==205292==    by 0x401380: main (main.c:22)
==205292== 
==205292== 1,024 bytes in 1 blocks are still reachable in loss record 29 of 64
==205292==    at 0x4848899: malloc (in /usr/libexec/valgrind/vgpreload_memcheck-amd64-linux.so)
==205292==    by 0x48AB4A7: xrealloc (in /usr/lib/x86_64-linux-gnu/libreadline.so.8.1)
==205292==    by 0x4894C8B: ??? (in /usr/lib/x86_64-linux-gnu/libreadline.so.8.1)
==205292==    by 0x4894D67: ??? (in /usr/lib/x86_64-linux-gnu/libreadline.so.8.1)
==205292==    by 0x489DC7E: rl_redisplay (in /usr/lib/x86_64-linux-gnu/libreadline.so.8.1)
==205292==    by 0x4888458: readline_internal_setup (in /usr/lib/x86_64-linux-gnu/libreadline.so.8.1)
==205292==    by 0x4892CF8: readline (in /usr/lib/x86_64-linux-gnu/libreadline.so.8.1)
==205292==    by 0x401380: main (main.c:22)
==205292== 
==205292== 1,024 bytes in 1 blocks are still reachable in loss record 30 of 64
==205292==    at 0x4848899: malloc (in /usr/libexec/valgrind/vgpreload_memcheck-amd64-linux.so)
==205292==    by 0x48AB4A7: xrealloc (in /usr/lib/x86_64-linux-gnu/libreadline.so.8.1)
==205292==    by 0x4894CA2: ??? (in /usr/lib/x86_64-linux-gnu/libreadline.so.8.1)
==205292==    by 0x4894D67: ??? (in /usr/lib/x86_64-linux-gnu/libreadline.so.8.1)
==205292==    by 0x489DC7E: rl_redisplay (in /usr/lib/x86_64-linux-gnu/libreadline.so.8.1)
==205292==    by 0x4888458: readline_internal_setup (in /usr/lib/x86_64-linux-gnu/libreadline.so.8.1)
==205292==    by 0x4892CF8: readline (in /usr/lib/x86_64-linux-gnu/libreadline.so.8.1)
==205292==    by 0x401380: main (main.c:22)
==205292== 
==205292== 1,024 bytes in 1 blocks are still reachable in loss record 31 of 64
==205292==    at 0x4848899: malloc (in /usr/libexec/valgrind/vgpreload_memcheck-amd64-linux.so)
==205292==    by 0x48AB4A7: xrealloc (in /usr/lib/x86_64-linux-gnu/libreadline.so.8.1)
==205292==    by 0x4894CBB: ??? (in /usr/lib/x86_64-linux-gnu/libreadline.so.8.1)
==205292==    by 0x4894D67: ??? (in /usr/lib/x86_64-linux-gnu/libreadline.so.8.1)
==205292==    by 0x489DC7E: rl_redisplay (in /usr/lib/x86_64-linux-gnu/libreadline.so.8.1)
==205292==    by 0x4888458: readline_internal_setup (in /usr/lib/x86_64-linux-gnu/libreadline.so.8.1)
==205292==    by 0x4892CF8: readline (in /usr/lib/x86_64-linux-gnu/libreadline.so.8.1)
==205292==    by 0x401380: main (main.c:22)
==205292== 
==205292== 1,024 bytes in 1 blocks are still reachable in loss record 32 of 64
==205292==    at 0x4848899: malloc (in /usr/libexec/valgrind/vgpreload_memcheck-amd64-linux.so)
==205292==    by 0x48AABAC: xmalloc (in /usr/lib/x86_64-linux-gnu/libreadline.so.8.1)
==205292==    by 0x4894DC5: ??? (in /usr/lib/x86_64-linux-gnu/libreadline.so.8.1)
==205292==    by 0x489DC7E: rl_redisplay (in /usr/lib/x86_64-linux-gnu/libreadline.so.8.1)
==205292==    by 0x4888458: readline_internal_setup (in /usr/lib/x86_64-linux-gnu/libreadline.so.8.1)
==205292==    by 0x4892CF8: readline (in /usr/lib/x86_64-linux-gnu/libreadline.so.8.1)
==205292==    by 0x401380: main (main.c:22)
==205292== 
==205292== 1,024 bytes in 1 blocks are still reachable in loss record 33 of 64
==205292==    at 0x4848899: malloc (in /usr/libexec/valgrind/vgpreload_memcheck-amd64-linux.so)
==205292==    by 0x48AABAC: xmalloc (in /usr/lib/x86_64-linux-gnu/libreadline.so.8.1)
==205292==    by 0x4894DDA: ??? (in /usr/lib/x86_64-linux-gnu/libreadline.so.8.1)
==205292==    by 0x489DC7E: rl_redisplay (in /usr/lib/x86_64-linux-gnu/libreadline.so.8.1)
==205292==    by 0x4888458: readline_internal_setup (in /usr/lib/x86_64-linux-gnu/libreadline.so.8.1)
==205292==    by 0x4892CF8: readline (in /usr/lib/x86_64-linux-gnu/libreadline.so.8.1)
==205292==    by 0x401380: main (main.c:22)
==205292== 
==205292== 1,024 bytes in 1 blocks are still reachable in loss record 34 of 64
==205292==    at 0x4848899: malloc (in /usr/libexec/valgrind/vgpreload_memcheck-amd64-linux.so)
==205292==    by 0x48AABAC: xmalloc (in /usr/lib/x86_64-linux-gnu/libreadline.so.8.1)
==205292==    by 0x4894DE8: ??? (in /usr/lib/x86_64-linux-gnu/libreadline.so.8.1)
==205292==    by 0x489DC7E: rl_redisplay (in /usr/lib/x86_64-linux-gnu/libreadline.so.8.1)
==205292==    by 0x4888458: readline_internal_setup (in /usr/lib/x86_64-linux-gnu/libreadline.so.8.1)
==205292==    by 0x4892CF8: readline (in /usr/lib/x86_64-linux-gnu/libreadline.so.8.1)
==205292==    by 0x401380: main (main.c:22)
==205292== 
==205292== 1,024 bytes in 1 blocks are still reachable in loss record 35 of 64
==205292==    at 0x4848899: malloc (in /usr/libexec/valgrind/vgpreload_memcheck-amd64-linux.so)
==205292==    by 0x48AABAC: xmalloc (in /usr/lib/x86_64-linux-gnu/libreadline.so.8.1)
==205292==    by 0x4894DF6: ??? (in /usr/lib/x86_64-linux-gnu/libreadline.so.8.1)
==205292==    by 0x489DC7E: rl_redisplay (in /usr/lib/x86_64-linux-gnu/libreadline.so.8.1)
==205292==    by 0x4888458: readline_internal_setup (in /usr/lib/x86_64-linux-gnu/libreadline.so.8.1)
==205292==    by 0x4892CF8: readline (in /usr/lib/x86_64-linux-gnu/libreadline.so.8.1)
==205292==    by 0x401380: main (main.c:22)
==205292== 
==205292== 1,536 bytes in 1 blocks are still reachable in loss record 36 of 64
==205292==    at 0x484DCD3: realloc (in /usr/libexec/valgrind/vgpreload_memcheck-amd64-linux.so)
==205292==    by 0x48AB491: xrealloc (in /usr/lib/x86_64-linux-gnu/libreadline.so.8.1)
==205292==    by 0x4888877: rl_add_funmap_entry (in /usr/lib/x86_64-linux-gnu/libreadline.so.8.1)
==205292==    by 0x48888C8: rl_initialize_funmap (in /usr/lib/x86_64-linux-gnu/libreadline.so.8.1)
==205292==    by 0x4892A2C: rl_initialize (in /usr/lib/x86_64-linux-gnu/libreadline.so.8.1)
==205292==    by 0x4892CD4: readline (in /usr/lib/x86_64-linux-gnu/libreadline.so.8.1)
==205292==    by 0x401380: main (main.c:22)
==205292== 
==205292== 1,664 bytes in 1 blocks are still reachable in loss record 37 of 64
==205292==    at 0x4848899: malloc (in /usr/libexec/valgrind/vgpreload_memcheck-amd64-linux.so)
==205292==    by 0x4B08ACD: _nc_read_termtype (in /usr/lib/x86_64-linux-gnu/libtinfo.so.6.3)
==205292==    by 0x4B0952A: ??? (in /usr/lib/x86_64-linux-gnu/libtinfo.so.6.3)
==205292==    by 0x4B0BC40: ??? (in /usr/lib/x86_64-linux-gnu/libtinfo.so.6.3)
==205292==    by 0x4B096BB: _nc_read_entry2 (in /usr/lib/x86_64-linux-gnu/libtinfo.so.6.3)
==205292==    by 0x4B09711: ??? (in /usr/lib/x86_64-linux-gnu/libtinfo.so.6.3)
==205292==    by 0x4B09866: _nc_setupterm (in /usr/lib/x86_64-linux-gnu/libtinfo.so.6.3)
==205292==    by 0x4B0A4C9: tgetent_sp (in /usr/lib/x86_64-linux-gnu/libtinfo.so.6.3)
==205292==    by 0x48A61CD: _rl_init_terminal_io (in /usr/lib/x86_64-linux-gnu/libreadline.so.8.1)
==205292==    by 0x4892A0F: rl_initialize (in /usr/lib/x86_64-linux-gnu/libreadline.so.8.1)
==205292==    by 0x4892CD4: readline (in /usr/lib/x86_64-linux-gnu/libreadline.so.8.1)
==205292==    by 0x401380: main (main.c:22)
==205292== 
==205292== 2,032 bytes in 1 blocks are still reachable in loss record 38 of 64
==205292==    at 0x4848899: malloc (in /usr/libexec/valgrind/vgpreload_memcheck-amd64-linux.so)
==205292==    by 0x48AABAC: xmalloc (in /usr/lib/x86_64-linux-gnu/libreadline.so.8.1)
==205292==    by 0x48A6419: _rl_init_terminal_io (in /usr/lib/x86_64-linux-gnu/libreadline.so.8.1)
==205292==    by 0x4892A0F: rl_initialize (in /usr/lib/x86_64-linux-gnu/libreadline.so.8.1)
==205292==    by 0x4892CD4: readline (in /usr/lib/x86_64-linux-gnu/libreadline.so.8.1)
==205292==    by 0x401380: main (main.c:22)
==205292== 
==205292== 2,240 bytes in 140 blocks are still reachable in loss record 39 of 64
==205292==    at 0x4848899: malloc (in /usr/libexec/valgrind/vgpreload_memcheck-amd64-linux.so)
==205292==    by 0x48AABAC: xmalloc (in /usr/lib/x86_64-linux-gnu/libreadline.so.8.1)
==205292==    by 0x4888822: rl_add_funmap_entry (in /usr/lib/x86_64-linux-gnu/libreadline.so.8.1)
==205292==    by 0x48888C8: rl_initialize_funmap (in /usr/lib/x86_64-linux-gnu/libreadline.so.8.1)
==205292==    by 0x4892A2C: rl_initialize (in /usr/lib/x86_64-linux-gnu/libreadline.so.8.1)
==205292==    by 0x4892CD4: readline (in /usr/lib/x86_64-linux-gnu/libreadline.so.8.1)
==205292==    by 0x401380: main (main.c:22)
==205292== 
==205292== 3,904 bytes in 1 blocks are still reachable in loss record 40 of 64
==205292==    at 0x484DCD3: realloc (in /usr/libexec/valgrind/vgpreload_memcheck-amd64-linux.so)
==205292==    by 0x4AFE6CC: _nc_doalloc (in /usr/lib/x86_64-linux-gnu/libtinfo.so.6.3)
==205292==    by 0x4B091B5: _nc_read_termtype (in /usr/lib/x86_64-linux-gnu/libtinfo.so.6.3)
==205292==    by 0x4B0952A: ??? (in /usr/lib/x86_64-linux-gnu/libtinfo.so.6.3)
==205292==    by 0x4B0BC40: ??? (in /usr/lib/x86_64-linux-gnu/libtinfo.so.6.3)
==205292==    by 0x4B096BB: _nc_read_entry2 (in /usr/lib/x86_64-linux-gnu/libtinfo.so.6.3)
==205292==    by 0x4B09711: ??? (in /usr/lib/x86_64-linux-gnu/libtinfo.so.6.3)
==205292==    by 0x4B09866: _nc_setupterm (in /usr/lib/x86_64-linux-gnu/libtinfo.so.6.3)
==205292==    by 0x4B0A4C9: tgetent_sp (in /usr/lib/x86_64-linux-gnu/libtinfo.so.6.3)
==205292==    by 0x48A61CD: _rl_init_terminal_io (in /usr/lib/x86_64-linux-gnu/libreadline.so.8.1)
==205292==    by 0x4892A0F: rl_initialize (in /usr/lib/x86_64-linux-gnu/libreadline.so.8.1)
==205292==    by 0x4892CD4: readline (in /usr/lib/x86_64-linux-gnu/libreadline.so.8.1)
==205292== 
==205292== 3,904 bytes in 1 blocks are still reachable in loss record 41 of 64
==205292==    at 0x4848899: malloc (in /usr/libexec/valgrind/vgpreload_memcheck-amd64-linux.so)
==205292==    by 0x4AFDFFF: ??? (in /usr/lib/x86_64-linux-gnu/libtinfo.so.6.3)
==205292==    by 0x4B0987D: _nc_setupterm (in /usr/lib/x86_64-linux-gnu/libtinfo.so.6.3)
==205292==    by 0x4B0A4C9: tgetent_sp (in /usr/lib/x86_64-linux-gnu/libtinfo.so.6.3)
==205292==    by 0x48A61CD: _rl_init_terminal_io (in /usr/lib/x86_64-linux-gnu/libreadline.so.8.1)
==205292==    by 0x4892A0F: rl_initialize (in /usr/lib/x86_64-linux-gnu/libreadline.so.8.1)
==205292==    by 0x4892CD4: readline (in /usr/lib/x86_64-linux-gnu/libreadline.so.8.1)
==205292==    by 0x401380: main (main.c:22)
==205292== 
==205292== 4,016 bytes in 1 blocks are still reachable in loss record 42 of 64
==205292==    at 0x4848899: malloc (in /usr/libexec/valgrind/vgpreload_memcheck-amd64-linux.so)
==205292==    by 0x48AABAC: xmalloc (in /usr/lib/x86_64-linux-gnu/libreadline.so.8.1)
==205292==    by 0x48A3FD6: add_history (in /usr/lib/x86_64-linux-gnu/libreadline.so.8.1)
==205292==    by 0x401404: main (main.c:31)
==205292== 
==205292== 4,080 bytes in 1 blocks are still reachable in loss record 43 of 64
==205292==    at 0x4848899: malloc (in /usr/libexec/valgrind/vgpreload_memcheck-amd64-linux.so)
==205292==    by 0x48AABAC: xmalloc (in /usr/lib/x86_64-linux-gnu/libreadline.so.8.1)
==205292==    by 0x48A63F9: _rl_init_terminal_io (in /usr/lib/x86_64-linux-gnu/libreadline.so.8.1)
==205292==    by 0x4892A0F: rl_initialize (in /usr/lib/x86_64-linux-gnu/libreadline.so.8.1)
==205292==    by 0x4892CD4: readline (in /usr/lib/x86_64-linux-gnu/libreadline.so.8.1)
==205292==    by 0x401380: main (main.c:22)
==205292== 
==205292== 4,112 bytes in 1 blocks are still reachable in loss record 44 of 64
==205292==    at 0x4848899: malloc (in /usr/libexec/valgrind/vgpreload_memcheck-amd64-linux.so)
==205292==    by 0x48AABAC: xmalloc (in /usr/lib/x86_64-linux-gnu/libreadline.so.8.1)
==205292==    by 0x4887251: rl_make_bare_keymap (in /usr/lib/x86_64-linux-gnu/libreadline.so.8.1)
==205292==    by 0x4887B6A: rl_generic_bind (in /usr/lib/x86_64-linux-gnu/libreadline.so.8.1)
==205292==    by 0x489275D: rl_bind_keyseq_if_unbound_in_map (in /usr/lib/x86_64-linux-gnu/libreadline.so.8.1)
==205292==    by 0x48A5DD5: ??? (in /usr/lib/x86_64-linux-gnu/libreadline.so.8.1)
==205292==    by 0x48A631F: _rl_init_terminal_io (in /usr/lib/x86_64-linux-gnu/libreadline.so.8.1)
==205292==    by 0x4892A0F: rl_initialize (in /usr/lib/x86_64-linux-gnu/libreadline.so.8.1)
==205292==    by 0x4892CD4: readline (in /usr/lib/x86_64-linux-gnu/libreadline.so.8.1)
==205292==    by 0x401380: main (main.c:22)
==205292== 
==205292== 4,112 bytes in 1 blocks are still reachable in loss record 45 of 64
==205292==    at 0x4848899: malloc (in /usr/libexec/valgrind/vgpreload_memcheck-amd64-linux.so)
==205292==    by 0x48AABAC: xmalloc (in /usr/lib/x86_64-linux-gnu/libreadline.so.8.1)
==205292==    by 0x4887251: rl_make_bare_keymap (in /usr/lib/x86_64-linux-gnu/libreadline.so.8.1)
==205292==    by 0x4887B6A: rl_generic_bind (in /usr/lib/x86_64-linux-gnu/libreadline.so.8.1)
==205292==    by 0x489275D: rl_bind_keyseq_if_unbound_in_map (in /usr/lib/x86_64-linux-gnu/libreadline.so.8.1)
==205292==    by 0x48A5E5A: ??? (in /usr/lib/x86_64-linux-gnu/libreadline.so.8.1)
==205292==    by 0x48A631F: _rl_init_terminal_io (in /usr/lib/x86_64-linux-gnu/libreadline.so.8.1)
==205292==    by 0x4892A0F: rl_initialize (in /usr/lib/x86_64-linux-gnu/libreadline.so.8.1)
==205292==    by 0x4892CD4: readline (in /usr/lib/x86_64-linux-gnu/libreadline.so.8.1)
==205292==    by 0x401380: main (main.c:22)
==205292== 
==205292== 4,112 bytes in 1 blocks are still reachable in loss record 46 of 64
==205292==    at 0x4848899: malloc (in /usr/libexec/valgrind/vgpreload_memcheck-amd64-linux.so)
==205292==    by 0x48AABAC: xmalloc (in /usr/lib/x86_64-linux-gnu/libreadline.so.8.1)
==205292==    by 0x4887251: rl_make_bare_keymap (in /usr/lib/x86_64-linux-gnu/libreadline.so.8.1)
==205292==    by 0x4887B6A: rl_generic_bind (in /usr/lib/x86_64-linux-gnu/libreadline.so.8.1)
==205292==    by 0x489275D: rl_bind_keyseq_if_unbound_in_map (in /usr/lib/x86_64-linux-gnu/libreadline.so.8.1)
==205292==    by 0x48A5E5A: ??? (in /usr/lib/x86_64-linux-gnu/libreadline.so.8.1)
==205292==    by 0x48A632B: _rl_init_terminal_io (in /usr/lib/x86_64-linux-gnu/libreadline.so.8.1)
==205292==    by 0x4892A0F: rl_initialize (in /usr/lib/x86_64-linux-gnu/libreadline.so.8.1)
==205292==    by 0x4892CD4: readline (in /usr/lib/x86_64-linux-gnu/libreadline.so.8.1)
==205292==    by 0x401380: main (main.c:22)
==205292== 
==205292== 4,112 bytes in 1 blocks are still reachable in loss record 47 of 64
==205292==    at 0x4848899: malloc (in /usr/libexec/valgrind/vgpreload_memcheck-amd64-linux.so)
==205292==    by 0x48AABAC: xmalloc (in /usr/lib/x86_64-linux-gnu/libreadline.so.8.1)
==205292==    by 0x4887251: rl_make_bare_keymap (in /usr/lib/x86_64-linux-gnu/libreadline.so.8.1)
==205292==    by 0x4887B6A: rl_generic_bind (in /usr/lib/x86_64-linux-gnu/libreadline.so.8.1)
==205292==    by 0x489275D: rl_bind_keyseq_if_unbound_in_map (in /usr/lib/x86_64-linux-gnu/libreadline.so.8.1)
==205292==    by 0x48A5E5A: ??? (in /usr/lib/x86_64-linux-gnu/libreadline.so.8.1)
==205292==    by 0x48A6337: _rl_init_terminal_io (in /usr/lib/x86_64-linux-gnu/libreadline.so.8.1)
==205292==    by 0x4892A0F: rl_initialize (in /usr/lib/x86_64-linux-gnu/libreadline.so.8.1)
==205292==    by 0x4892CD4: readline (in /usr/lib/x86_64-linux-gnu/libreadline.so.8.1)
==205292==    by 0x401380: main (main.c:22)
==205292== 
==205292== 4,112 bytes in 1 blocks are still reachable in loss record 48 of 64
==205292==    at 0x4848899: malloc (in /usr/libexec/valgrind/vgpreload_memcheck-amd64-linux.so)
==205292==    by 0x48AABAC: xmalloc (in /usr/lib/x86_64-linux-gnu/libreadline.so.8.1)
==205292==    by 0x4887251: rl_make_bare_keymap (in /usr/lib/x86_64-linux-gnu/libreadline.so.8.1)
==205292==    by 0x4887B6A: rl_generic_bind (in /usr/lib/x86_64-linux-gnu/libreadline.so.8.1)
==205292==    by 0x489275D: rl_bind_keyseq_if_unbound_in_map (in /usr/lib/x86_64-linux-gnu/libreadline.so.8.1)
==205292==    by 0x489294C: ??? (in /usr/lib/x86_64-linux-gnu/libreadline.so.8.1)
==205292==    by 0x4892A84: rl_initialize (in /usr/lib/x86_64-linux-gnu/libreadline.so.8.1)
==205292==    by 0x4892CD4: readline (in /usr/lib/x86_64-linux-gnu/libreadline.so.8.1)
==205292==    by 0x401380: main (main.c:22)
==205292== 
==205292== 4,112 bytes in 1 blocks are still reachable in loss record 49 of 64
==205292==    at 0x4848899: malloc (in /usr/libexec/valgrind/vgpreload_memcheck-amd64-linux.so)
==205292==    by 0x48AABAC: xmalloc (in /usr/lib/x86_64-linux-gnu/libreadline.so.8.1)
==205292==    by 0x4887251: rl_make_bare_keymap (in /usr/lib/x86_64-linux-gnu/libreadline.so.8.1)
==205292==    by 0x4887B6A: rl_generic_bind (in /usr/lib/x86_64-linux-gnu/libreadline.so.8.1)
==205292==    by 0x489275D: rl_bind_keyseq_if_unbound_in_map (in /usr/lib/x86_64-linux-gnu/libreadline.so.8.1)
==205292==    by 0x489294C: ??? (in /usr/lib/x86_64-linux-gnu/libreadline.so.8.1)
==205292==    by 0x4892A93: rl_initialize (in /usr/lib/x86_64-linux-gnu/libreadline.so.8.1)
==205292==    by 0x4892CD4: readline (in /usr/lib/x86_64-linux-gnu/libreadline.so.8.1)
==205292==    by 0x401380: main (main.c:22)
==205292== 
==205292== 4,112 bytes in 1 blocks are still reachable in loss record 50 of 64
==205292==    at 0x4848899: malloc (in /usr/libexec/valgrind/vgpreload_memcheck-amd64-linux.so)
==205292==    by 0x48AABAC: xmalloc (in /usr/lib/x86_64-linux-gnu/libreadline.so.8.1)
==205292==    by 0x4887251: rl_make_bare_keymap (in /usr/lib/x86_64-linux-gnu/libreadline.so.8.1)
==205292==    by 0x4887B6A: rl_generic_bind (in /usr/lib/x86_64-linux-gnu/libreadline.so.8.1)
==205292==    by 0x489275D: rl_bind_keyseq_if_unbound_in_map (in /usr/lib/x86_64-linux-gnu/libreadline.so.8.1)
==205292==    by 0x489294C: ??? (in /usr/lib/x86_64-linux-gnu/libreadline.so.8.1)
==205292==    by 0x4892AB8: rl_initialize (in /usr/lib/x86_64-linux-gnu/libreadline.so.8.1)
==205292==    by 0x4892CD4: readline (in /usr/lib/x86_64-linux-gnu/libreadline.so.8.1)
==205292==    by 0x401380: main (main.c:22)
==205292== 
==205292== 7,952 bytes in 1 blocks are still reachable in loss record 51 of 64
==205292==    at 0x484DA83: calloc (in /usr/libexec/valgrind/vgpreload_memcheck-amd64-linux.so)
==205292==    by 0x4AFCC97: ??? (in /usr/lib/x86_64-linux-gnu/libtinfo.so.6.3)
==205292==    by 0x4AFE3AF: _nc_find_type_entry (in /usr/lib/x86_64-linux-gnu/libtinfo.so.6.3)
==205292==    by 0x4B00E4C: tgetstr_sp (in /usr/lib/x86_64-linux-gnu/libtinfo.so.6.3)
==205292==    by 0x48A621A: _rl_init_terminal_io (in /usr/lib/x86_64-linux-gnu/libreadline.so.8.1)
==205292==    by 0x4892A0F: rl_initialize (in /usr/lib/x86_64-linux-gnu/libreadline.so.8.1)
==205292==    by 0x4892CD4: readline (in /usr/lib/x86_64-linux-gnu/libreadline.so.8.1)
==205292==    by 0x401380: main (main.c:22)
==205292== 
==205292== 8,224 bytes in 2 blocks are still reachable in loss record 52 of 64
==205292==    at 0x4848899: malloc (in /usr/libexec/valgrind/vgpreload_memcheck-amd64-linux.so)
==205292==    by 0x48AABAC: xmalloc (in /usr/lib/x86_64-linux-gnu/libreadline.so.8.1)
==205292==    by 0x4887251: rl_make_bare_keymap (in /usr/lib/x86_64-linux-gnu/libreadline.so.8.1)
==205292==    by 0x4887B6A: rl_generic_bind (in /usr/lib/x86_64-linux-gnu/libreadline.so.8.1)
==205292==    by 0x489275D: rl_bind_keyseq_if_unbound_in_map (in /usr/lib/x86_64-linux-gnu/libreadline.so.8.1)
==205292==    by 0x48A5E47: ??? (in /usr/lib/x86_64-linux-gnu/libreadline.so.8.1)
==205292==    by 0x48A631F: _rl_init_terminal_io (in /usr/lib/x86_64-linux-gnu/libreadline.so.8.1)
==205292==    by 0x4892A0F: rl_initialize (in /usr/lib/x86_64-linux-gnu/libreadline.so.8.1)
==205292==    by 0x4892CD4: readline (in /usr/lib/x86_64-linux-gnu/libreadline.so.8.1)
==205292==    by 0x401380: main (main.c:22)
==205292== 
==205292== 8,224 bytes in 2 blocks are still reachable in loss record 53 of 64
==205292==    at 0x4848899: malloc (in /usr/libexec/valgrind/vgpreload_memcheck-amd64-linux.so)
==205292==    by 0x48AABAC: xmalloc (in /usr/lib/x86_64-linux-gnu/libreadline.so.8.1)
==205292==    by 0x4887251: rl_make_bare_keymap (in /usr/lib/x86_64-linux-gnu/libreadline.so.8.1)
==205292==    by 0x4887B6A: rl_generic_bind (in /usr/lib/x86_64-linux-gnu/libreadline.so.8.1)
==205292==    by 0x489275D: rl_bind_keyseq_if_unbound_in_map (in /usr/lib/x86_64-linux-gnu/libreadline.so.8.1)
==205292==    by 0x48A5DD5: ??? (in /usr/lib/x86_64-linux-gnu/libreadline.so.8.1)
==205292==    by 0x48A632B: _rl_init_terminal_io (in /usr/lib/x86_64-linux-gnu/libreadline.so.8.1)
==205292==    by 0x4892A0F: rl_initialize (in /usr/lib/x86_64-linux-gnu/libreadline.so.8.1)
==205292==    by 0x4892CD4: readline (in /usr/lib/x86_64-linux-gnu/libreadline.so.8.1)
==205292==    by 0x401380: main (main.c:22)
==205292== 
==205292== 8,224 bytes in 2 blocks are still reachable in loss record 54 of 64
==205292==    at 0x4848899: malloc (in /usr/libexec/valgrind/vgpreload_memcheck-amd64-linux.so)
==205292==    by 0x48AABAC: xmalloc (in /usr/lib/x86_64-linux-gnu/libreadline.so.8.1)
==205292==    by 0x4887251: rl_make_bare_keymap (in /usr/lib/x86_64-linux-gnu/libreadline.so.8.1)
==205292==    by 0x4887B6A: rl_generic_bind (in /usr/lib/x86_64-linux-gnu/libreadline.so.8.1)
==205292==    by 0x489275D: rl_bind_keyseq_if_unbound_in_map (in /usr/lib/x86_64-linux-gnu/libreadline.so.8.1)
==205292==    by 0x48A5E47: ??? (in /usr/lib/x86_64-linux-gnu/libreadline.so.8.1)
==205292==    by 0x48A632B: _rl_init_terminal_io (in /usr/lib/x86_64-linux-gnu/libreadline.so.8.1)
==205292==    by 0x4892A0F: rl_initialize (in /usr/lib/x86_64-linux-gnu/libreadline.so.8.1)
==205292==    by 0x4892CD4: readline (in /usr/lib/x86_64-linux-gnu/libreadline.so.8.1)
==205292==    by 0x401380: main (main.c:22)
==205292== 
==205292== 8,224 bytes in 2 blocks are still reachable in loss record 55 of 64
==205292==    at 0x4848899: malloc (in /usr/libexec/valgrind/vgpreload_memcheck-amd64-linux.so)
==205292==    by 0x48AABAC: xmalloc (in /usr/lib/x86_64-linux-gnu/libreadline.so.8.1)
==205292==    by 0x4887251: rl_make_bare_keymap (in /usr/lib/x86_64-linux-gnu/libreadline.so.8.1)
==205292==    by 0x4887B6A: rl_generic_bind (in /usr/lib/x86_64-linux-gnu/libreadline.so.8.1)
==205292==    by 0x489275D: rl_bind_keyseq_if_unbound_in_map (in /usr/lib/x86_64-linux-gnu/libreadline.so.8.1)
==205292==    by 0x48A5DD5: ??? (in /usr/lib/x86_64-linux-gnu/libreadline.so.8.1)
==205292==    by 0x48A6337: _rl_init_terminal_io (in /usr/lib/x86_64-linux-gnu/libreadline.so.8.1)
==205292==    by 0x4892A0F: rl_initialize (in /usr/lib/x86_64-linux-gnu/libreadline.so.8.1)
==205292==    by 0x4892CD4: readline (in /usr/lib/x86_64-linux-gnu/libreadline.so.8.1)
==205292==    by 0x401380: main (main.c:22)
==205292== 
==205292== 8,224 bytes in 2 blocks are still reachable in loss record 56 of 64
==205292==    at 0x4848899: malloc (in /usr/libexec/valgrind/vgpreload_memcheck-amd64-linux.so)
==205292==    by 0x48AABAC: xmalloc (in /usr/lib/x86_64-linux-gnu/libreadline.so.8.1)
==205292==    by 0x4887251: rl_make_bare_keymap (in /usr/lib/x86_64-linux-gnu/libreadline.so.8.1)
==205292==    by 0x4887B6A: rl_generic_bind (in /usr/lib/x86_64-linux-gnu/libreadline.so.8.1)
==205292==    by 0x489275D: rl_bind_keyseq_if_unbound_in_map (in /usr/lib/x86_64-linux-gnu/libreadline.so.8.1)
==205292==    by 0x48A5E47: ??? (in /usr/lib/x86_64-linux-gnu/libreadline.so.8.1)
==205292==    by 0x48A6337: _rl_init_terminal_io (in /usr/lib/x86_64-linux-gnu/libreadline.so.8.1)
==205292==    by 0x4892A0F: rl_initialize (in /usr/lib/x86_64-linux-gnu/libreadline.so.8.1)
==205292==    by 0x4892CD4: readline (in /usr/lib/x86_64-linux-gnu/libreadline.so.8.1)
==205292==    by 0x401380: main (main.c:22)
==205292== 
==205292== 8,224 bytes in 2 blocks are still reachable in loss record 57 of 64
==205292==    at 0x4848899: malloc (in /usr/libexec/valgrind/vgpreload_memcheck-amd64-linux.so)
==205292==    by 0x48AABAC: xmalloc (in /usr/lib/x86_64-linux-gnu/libreadline.so.8.1)
==205292==    by 0x4887251: rl_make_bare_keymap (in /usr/lib/x86_64-linux-gnu/libreadline.so.8.1)
==205292==    by 0x4887B6A: rl_generic_bind (in /usr/lib/x86_64-linux-gnu/libreadline.so.8.1)
==205292==    by 0x489275D: rl_bind_keyseq_if_unbound_in_map (in /usr/lib/x86_64-linux-gnu/libreadline.so.8.1)
==205292==    by 0x489293D: ??? (in /usr/lib/x86_64-linux-gnu/libreadline.so.8.1)
==205292==    by 0x4892A84: rl_initialize (in /usr/lib/x86_64-linux-gnu/libreadline.so.8.1)
==205292==    by 0x4892CD4: readline (in /usr/lib/x86_64-linux-gnu/libreadline.so.8.1)
==205292==    by 0x401380: main (main.c:22)
==205292== 
==205292== 8,224 bytes in 2 blocks are still reachable in loss record 58 of 64
==205292==    at 0x4848899: malloc (in /usr/libexec/valgrind/vgpreload_memcheck-amd64-linux.so)
==205292==    by 0x48AABAC: xmalloc (in /usr/lib/x86_64-linux-gnu/libreadline.so.8.1)
==205292==    by 0x4887251: rl_make_bare_keymap (in /usr/lib/x86_64-linux-gnu/libreadline.so.8.1)
==205292==    by 0x4887B6A: rl_generic_bind (in /usr/lib/x86_64-linux-gnu/libreadline.so.8.1)
==205292==    by 0x489275D: rl_bind_keyseq_if_unbound_in_map (in /usr/lib/x86_64-linux-gnu/libreadline.so.8.1)
==205292==    by 0x489293D: ??? (in /usr/lib/x86_64-linux-gnu/libreadline.so.8.1)
==205292==    by 0x4892A93: rl_initialize (in /usr/lib/x86_64-linux-gnu/libreadline.so.8.1)
==205292==    by 0x4892CD4: readline (in /usr/lib/x86_64-linux-gnu/libreadline.so.8.1)
==205292==    by 0x401380: main (main.c:22)
==205292== 
==205292== 8,224 bytes in 2 blocks are still reachable in loss record 59 of 64
==205292==    at 0x4848899: malloc (in /usr/libexec/valgrind/vgpreload_memcheck-amd64-linux.so)
==205292==    by 0x48AABAC: xmalloc (in /usr/lib/x86_64-linux-gnu/libreadline.so.8.1)
==205292==    by 0x4887251: rl_make_bare_keymap (in /usr/lib/x86_64-linux-gnu/libreadline.so.8.1)
==205292==    by 0x4887B6A: rl_generic_bind (in /usr/lib/x86_64-linux-gnu/libreadline.so.8.1)
==205292==    by 0x489275D: rl_bind_keyseq_if_unbound_in_map (in /usr/lib/x86_64-linux-gnu/libreadline.so.8.1)
==205292==    by 0x489293D: ??? (in /usr/lib/x86_64-linux-gnu/libreadline.so.8.1)
==205292==    by 0x4892AB8: rl_initialize (in /usr/lib/x86_64-linux-gnu/libreadline.so.8.1)
==205292==    by 0x4892CD4: readline (in /usr/lib/x86_64-linux-gnu/libreadline.so.8.1)
==205292==    by 0x401380: main (main.c:22)
==205292== 
==205292== 8,224 bytes in 2 blocks are still reachable in loss record 60 of 64
==205292==    at 0x4848899: malloc (in /usr/libexec/valgrind/vgpreload_memcheck-amd64-linux.so)
==205292==    by 0x48AABAC: xmalloc (in /usr/lib/x86_64-linux-gnu/libreadline.so.8.1)
==205292==    by 0x4887251: rl_make_bare_keymap (in /usr/lib/x86_64-linux-gnu/libreadline.so.8.1)
==205292==    by 0x4887B6A: rl_generic_bind (in /usr/lib/x86_64-linux-gnu/libreadline.so.8.1)
==205292==    by 0x489275D: rl_bind_keyseq_if_unbound_in_map (in /usr/lib/x86_64-linux-gnu/libreadline.so.8.1)
==205292==    by 0x4892AD2: rl_initialize (in /usr/lib/x86_64-linux-gnu/libreadline.so.8.1)
==205292==    by 0x4892CD4: readline (in /usr/lib/x86_64-linux-gnu/libreadline.so.8.1)
==205292==    by 0x401380: main (main.c:22)
==205292== 
==205292== 8,224 bytes in 2 blocks are still reachable in loss record 61 of 64
==205292==    at 0x4848899: malloc (in /usr/libexec/valgrind/vgpreload_memcheck-amd64-linux.so)
==205292==    by 0x48AABAC: xmalloc (in /usr/lib/x86_64-linux-gnu/libreadline.so.8.1)
==205292==    by 0x4887251: rl_make_bare_keymap (in /usr/lib/x86_64-linux-gnu/libreadline.so.8.1)
==205292==    by 0x4887B6A: rl_generic_bind (in /usr/lib/x86_64-linux-gnu/libreadline.so.8.1)
==205292==    by 0x489275D: rl_bind_keyseq_if_unbound_in_map (in /usr/lib/x86_64-linux-gnu/libreadline.so.8.1)
==205292==    by 0x4892AE1: rl_initialize (in /usr/lib/x86_64-linux-gnu/libreadline.so.8.1)
==205292==    by 0x4892CD4: readline (in /usr/lib/x86_64-linux-gnu/libreadline.so.8.1)
==205292==    by 0x401380: main (main.c:22)
==205292== 
==205292== 12,336 bytes in 3 blocks are still reachable in loss record 62 of 64
==205292==    at 0x4848899: malloc (in /usr/libexec/valgrind/vgpreload_memcheck-amd64-linux.so)
==205292==    by 0x48AABAC: xmalloc (in /usr/lib/x86_64-linux-gnu/libreadline.so.8.1)
==205292==    by 0x4887251: rl_make_bare_keymap (in /usr/lib/x86_64-linux-gnu/libreadline.so.8.1)
==205292==    by 0x4887B6A: rl_generic_bind (in /usr/lib/x86_64-linux-gnu/libreadline.so.8.1)
==205292==    by 0x489275D: rl_bind_keyseq_if_unbound_in_map (in /usr/lib/x86_64-linux-gnu/libreadline.so.8.1)
==205292==    by 0x4892914: ??? (in /usr/lib/x86_64-linux-gnu/libreadline.so.8.1)
==205292==    by 0x4892A93: rl_initialize (in /usr/lib/x86_64-linux-gnu/libreadline.so.8.1)
==205292==    by 0x4892CD4: readline (in /usr/lib/x86_64-linux-gnu/libreadline.so.8.1)
==205292==    by 0x401380: main (main.c:22)
==205292== 
==205292== 12,336 bytes in 3 blocks are still reachable in loss record 63 of 64
==205292==    at 0x4848899: malloc (in /usr/libexec/valgrind/vgpreload_memcheck-amd64-linux.so)
==205292==    by 0x48AABAC: xmalloc (in /usr/lib/x86_64-linux-gnu/libreadline.so.8.1)
==205292==    by 0x4887251: rl_make_bare_keymap (in /usr/lib/x86_64-linux-gnu/libreadline.so.8.1)
==205292==    by 0x4887B6A: rl_generic_bind (in /usr/lib/x86_64-linux-gnu/libreadline.so.8.1)
==205292==    by 0x489275D: rl_bind_keyseq_if_unbound_in_map (in /usr/lib/x86_64-linux-gnu/libreadline.so.8.1)
==205292==    by 0x4892914: ??? (in /usr/lib/x86_64-linux-gnu/libreadline.so.8.1)
==205292==    by 0x4892AB8: rl_initialize (in /usr/lib/x86_64-linux-gnu/libreadline.so.8.1)
==205292==    by 0x4892CD4: readline (in /usr/lib/x86_64-linux-gnu/libreadline.so.8.1)
==205292==    by 0x401380: main (main.c:22)
==205292== 
==205292== 28,784 bytes in 7 blocks are still reachable in loss record 64 of 64
==205292==    at 0x4848899: malloc (in /usr/libexec/valgrind/vgpreload_memcheck-amd64-linux.so)
==205292==    by 0x48AABAC: xmalloc (in /usr/lib/x86_64-linux-gnu/libreadline.so.8.1)
==205292==    by 0x4887251: rl_make_bare_keymap (in /usr/lib/x86_64-linux-gnu/libreadline.so.8.1)
==205292==    by 0x4887B6A: rl_generic_bind (in /usr/lib/x86_64-linux-gnu/libreadline.so.8.1)
==205292==    by 0x489899E: rl_parse_and_bind (in /usr/lib/x86_64-linux-gnu/libreadline.so.8.1)
==205292==    by 0x4898B6C: ??? (in /usr/lib/x86_64-linux-gnu/libreadline.so.8.1)
==205292==    by 0x4892A38: rl_initialize (in /usr/lib/x86_64-linux-gnu/libreadline.so.8.1)
==205292==    by 0x4892CD4: readline (in /usr/lib/x86_64-linux-gnu/libreadline.so.8.1)
==205292==    by 0x401380: main (main.c:22)
==205292== 
==205292== LEAK SUMMARY:
==205292==    definitely lost: 37 bytes in 4 blocks
==205292==    indirectly lost: 0 bytes in 0 blocks
==205292==      possibly lost: 0 bytes in 0 blocks
==205292==    still reachable: 208,181 bytes in 222 blocks
==205292==         suppressed: 0 bytes in 0 blocks
==205292== 
==205292== For lists of detected and suppressed errors, rerun with: -s
==205292== ERROR SUMMARY: 16 errors from 4 contexts (suppressed: 0 from 0)
